#
# There is insufficient memory for the Java Runtime Environment to continue.
# Native memory allocation (malloc) failed to allocate 1125712 bytes. Error detail: Chunk::new
# Possible reasons:
#   The system is out of physical RAM or swap space
#   This process is running with CompressedOops enabled, and the Java Heap may be blocking the growth of the native heap
# Possible solutions:
#   Reduce memory load on the system
#   Increase physical memory or swap space
#   Check if swap backing store is full
#   Decrease Java heap size (-Xmx/-Xms)
#   Decrease number of Java threads
#   Decrease Java thread stack sizes (-Xss)
#   Set larger code cache with -XX:ReservedCodeCacheSize=
#   JVM is running with Unscaled Compressed Oops mode in which the Java heap is
#     placed in the first 4GB address space. The Java Heap base address is the
#     maximum limit for the native heap growth. Please use -XX:HeapBaseMinAddress
#     to set the Java Heap base and to place the Java Heap above 4GB virtual address.
# This output file may be truncated or incomplete.
#
#  Out of Memory Error (arena.cpp:168), pid=25692, tid=28056
#
# JRE version: OpenJDK Runtime Environment Temurin-21.0.10+7 (21.0.10+7) (build 21.0.10+7-LTS)
# Java VM: OpenJDK 64-Bit Server VM Temurin-21.0.10+7 (21.0.10+7-LTS, mixed mode, sharing, tiered, compressed oops, compressed class ptrs, parallel gc, windows-amd64)
# No core dump will be written. Minidumps are not enabled by default on client versions of Windows
#

---------------  S U M M A R Y ------------

Command Line: --add-modules=ALL-SYSTEM --add-opens=java.base/java.util=ALL-UNNAMED --add-opens=java.base/java.lang=ALL-UNNAMED --add-opens=java.base/sun.nio.fs=ALL-UNNAMED -Declipse.application=org.eclipse.jdt.ls.core.id1 -Dosgi.bundles.defaultStartLevel=4 -Declipse.product=org.eclipse.jdt.ls.core.product -Djava.import.generatesMetadataFilesAtProjectRoot=false -DDetectVMInstallationsJob.disabled=true -Dfile.encoding=utf8 -XX:+UseParallelGC -XX:GCTimeRatio=4 -XX:AdaptiveSizePolicyWeight=90 -Dsun.zip.disableMemoryMapping=true -Xmx2G -Xms100m -Xlog:disable -javaagent:c:\Users\pravi\.vscode\extensions\redhat.java-1.54.0-win32-x64\lombok\lombok-1.18.39-4050.jar -XX:+HeapDumpOnOutOfMemoryError -XX:HeapDumpPath=c:\Users\pravi\AppData\Roaming\Code\User\workspaceStorage\3344d817d87000fa03f530339656b24b\redhat.java -Daether.dependencyCollector.impl=bf c:\Users\pravi\.vscode\extensions\redhat.java-1.54.0-win32-x64\server\plugins\org.eclipse.equinox.launcher_1.7.100.v20251111-0406.jar -configuration c:\Users\pravi\AppData\Roaming\Code\User\globalStorage\redhat.java\1.54.0\config_win -data c:\Users\pravi\AppData\Roaming\Code\User\workspaceStorage\3344d817d87000fa03f530339656b24b\redhat.java\jdt_ws --pipe=\\.\pipe\lsp-9560e57a7eef5f6d9997249e6cae656a-sock

Host: 11th Gen Intel(R) Core(TM) i5-11260H @ 2.60GHz, 12 cores, 15G,  Windows 11 , 64 bit Build 26100 (10.0.26100.8521)
Time: Tue Jun 16 00:54:43 2026 India Standard Time elapsed time: 6003.648154 seconds (0d 1h 40m 3s)

---------------  T H R E A D  ---------------

Current thread (0x000001a697536e50):  JavaThread "C2 CompilerThread0" daemon [_thread_in_native, id=28056, stack(0x00000047c4100000,0x00000047c4200000) (1024K)]


Current CompileTask:
C2:6003648 23833       4       org.eclipse.jdt.internal.compiler.SourceElementNotifier::notifySourceElementRequestor (1085 bytes)

Stack: [0x00000047c4100000,0x00000047c4200000]
Native frames: (J=compiled Java code, j=interpreted, Vv=VM code, C=native code)
V  [jvm.dll+0x6d7a39]
V  [jvm.dll+0x8b4b26]
V  [jvm.dll+0x8b70de]
V  [jvm.dll+0x8b77c3]
V  [jvm.dll+0x284346]
V  [jvm.dll+0xc66ed]
V  [jvm.dll+0xc6c31]
V  [jvm.dll+0x3bec3b]
V  [jvm.dll+0x38b162]
V  [jvm.dll+0x38a5aa]
V  [jvm.dll+0x24c560]
V  [jvm.dll+0x24bb40]
V  [jvm.dll+0x1cb34e]
V  [jvm.dll+0x25b85d]
V  [jvm.dll+0x259dea]
V  [jvm.dll+0x3f857e]
V  [jvm.dll+0x85f59d]
V  [jvm.dll+0x6d626d]
C  [ucrtbase.dll+0x2cd30]
C  [KERNEL32.DLL+0x2e957]
C  [ntdll.dll+0x87c1c]


---------------  P R O C E S S  ---------------

Threads class SMR info:
_java_thread_list=0x000001a6f03b4900, length=42, elements={
0x000001a697483820, 0x000001a697520f90, 0x000001a6975233d0, 0x000001a697526f40,
0x000001a697527ba0, 0x000001a697530fa0, 0x000001a697531b30, 0x000001a697536e50,
0x000001a6f0244090, 0x000001a6f0439a70, 0x000001a6f05861d0, 0x000001a6f15c0e30,
0x000001a6f192cea0, 0x000001a6f187f9d0, 0x000001a6f14e14a0, 0x000001a6f1696c50,
0x000001a6f038e120, 0x000001a6f6926620, 0x000001a6f038ce80, 0x000001a6f1608ea0,
0x000001a6f160a250, 0x000001a6f160af70, 0x000001a6f1608810, 0x000001a6f1607af0,
0x000001a6f160b600, 0x000001a6f1608180, 0x000001a6f160e3f0, 0x000001a6f160bc90,
0x000001a6f160dd60, 0x000001a6f160ea80, 0x000001a6f160c320, 0x000001a6f160c9b0,
0x000001a6f160d040, 0x000001a6f160d6d0, 0x000001a6f7d85890, 0x000001a6f7d85f20,
0x000001a6f7175280, 0x000001a6f91f0e30, 0x000001a6f7175910, 0x000001a6f6764470,
0x000001a6f6760ff0, 0x000001a6f167d330
}

Java Threads: ( => current thread )
  0x000001a697483820 JavaThread "main"                              [_thread_blocked, id=25860, stack(0x00000047c3700000,0x00000047c3800000) (1024K)]
  0x000001a697520f90 JavaThread "Reference Handler"          daemon [_thread_blocked, id=22964, stack(0x00000047c3b00000,0x00000047c3c00000) (1024K)]
  0x000001a6975233d0 JavaThread "Finalizer"                  daemon [_thread_blocked, id=27072, stack(0x00000047c3c00000,0x00000047c3d00000) (1024K)]
  0x000001a697526f40 JavaThread "Signal Dispatcher"          daemon [_thread_blocked, id=4944, stack(0x00000047c3d00000,0x00000047c3e00000) (1024K)]
  0x000001a697527ba0 JavaThread "Attach Listener"            daemon [_thread_blocked, id=25652, stack(0x00000047c3e00000,0x00000047c3f00000) (1024K)]
  0x000001a697530fa0 JavaThread "Service Thread"             daemon [_thread_blocked, id=18920, stack(0x00000047c3f00000,0x00000047c4000000) (1024K)]
  0x000001a697531b30 JavaThread "Monitor Deflation Thread"   daemon [_thread_blocked, id=28628, stack(0x00000047c4000000,0x00000047c4100000) (1024K)]
=>0x000001a697536e50 JavaThread "C2 CompilerThread0"         daemon [_thread_in_native, id=28056, stack(0x00000047c4100000,0x00000047c4200000) (1024K)]
  0x000001a6f0244090 JavaThread "C1 CompilerThread0"         daemon [_thread_blocked, id=22092, stack(0x00000047c4200000,0x00000047c4300000) (1024K)]
  0x000001a6f0439a70 JavaThread "Common-Cleaner"             daemon [_thread_blocked, id=3744, stack(0x00000047c4400000,0x00000047c4500000) (1024K)]
  0x000001a6f05861d0 JavaThread "Notification Thread"        daemon [_thread_blocked, id=16176, stack(0x00000047c4500000,0x00000047c4600000) (1024K)]
  0x000001a6f15c0e30 JavaThread "Active Thread: Equinox Container: 73bef47b-f261-477a-a180-3586406a8881"        [_thread_blocked, id=26088, stack(0x00000047c4d00000,0x00000047c4e00000) (1024K)]
  0x000001a6f192cea0 JavaThread "Refresh Thread: Equinox Container: 73bef47b-f261-477a-a180-3586406a8881" daemon [_thread_blocked, id=2420, stack(0x00000047c4600000,0x00000047c4700000) (1024K)]
  0x000001a6f187f9d0 JavaThread "Framework Event Dispatcher: Equinox Container: 73bef47b-f261-477a-a180-3586406a8881" daemon [_thread_blocked, id=19080, stack(0x00000047c4e00000,0x00000047c4f00000) (1024K)]
  0x000001a6f14e14a0 JavaThread "Start Level: Equinox Container: 73bef47b-f261-477a-a180-3586406a8881" daemon [_thread_blocked, id=12824, stack(0x00000047c4f00000,0x00000047c5000000) (1024K)]
  0x000001a6f1696c50 JavaThread "Bundle File Closer"         daemon [_thread_blocked, id=28276, stack(0x00000047c5300000,0x00000047c5400000) (1024K)]
  0x000001a6f038e120 JavaThread "SCR Component Actor"        daemon [_thread_blocked, id=7792, stack(0x00000047c5000000,0x00000047c5100000) (1024K)]
  0x000001a6f6926620 JavaThread "Worker-JM"                         [_thread_blocked, id=13344, stack(0x00000047c5600000,0x00000047c5700000) (1024K)]
  0x000001a6f038ce80 JavaThread "JNA Cleaner"                daemon [_thread_blocked, id=20164, stack(0x00000047c5700000,0x00000047c5800000) (1024K)]
  0x000001a6f1608ea0 JavaThread "Java indexing"              daemon [_thread_blocked, id=2644, stack(0x00000047c5a00000,0x00000047c5b00000) (1024K)]
  0x000001a6f160a250 JavaThread "Thread-1"                   daemon [_thread_in_native, id=20592, stack(0x00000047c5f00000,0x00000047c6000000) (1024K)]
  0x000001a6f160af70 JavaThread "Thread-2"                   daemon [_thread_in_native, id=3720, stack(0x00000047c6000000,0x00000047c6100000) (1024K)]
  0x000001a6f1608810 JavaThread "Thread-3"                   daemon [_thread_in_native, id=9240, stack(0x00000047c6100000,0x00000047c6200000) (1024K)]
  0x000001a6f1607af0 JavaThread "Thread-4"                   daemon [_thread_in_native, id=11524, stack(0x00000047c6200000,0x00000047c6300000) (1024K)]
  0x000001a6f160b600 JavaThread "Thread-5"                   daemon [_thread_in_native, id=21768, stack(0x00000047c6300000,0x00000047c6400000) (1024K)]
  0x000001a6f1608180 JavaThread "Thread-6"                   daemon [_thread_in_native, id=19368, stack(0x00000047c6400000,0x00000047c6500000) (1024K)]
  0x000001a6f160e3f0 JavaThread "Thread-7"                   daemon [_thread_in_native, id=22392, stack(0x00000047c6500000,0x00000047c6600000) (1024K)]
  0x000001a6f160bc90 JavaThread "Thread-8"                   daemon [_thread_in_native, id=26572, stack(0x00000047c6600000,0x00000047c6700000) (1024K)]
  0x000001a6f160dd60 JavaThread "Thread-9"                   daemon [_thread_in_native, id=17744, stack(0x00000047c6700000,0x00000047c6800000) (1024K)]
  0x000001a6f160ea80 JavaThread "Thread-10"                  daemon [_thread_in_native, id=12632, stack(0x00000047c6800000,0x00000047c6900000) (1024K)]
  0x000001a6f160c320 JavaThread "Thread-11"                  daemon [_thread_in_native, id=15272, stack(0x00000047c6900000,0x00000047c6a00000) (1024K)]
  0x000001a6f160c9b0 JavaThread "Thread-12"                  daemon [_thread_in_native, id=19040, stack(0x00000047c6a00000,0x00000047c6b00000) (1024K)]
  0x000001a6f160d040 JavaThread "Thread-13"                  daemon [_thread_in_native, id=28076, stack(0x00000047c6b00000,0x00000047c6c00000) (1024K)]
  0x000001a6f160d6d0 JavaThread "pool-2-thread-1"                   [_thread_blocked, id=20104, stack(0x00000047c6c00000,0x00000047c6d00000) (1024K)]
  0x000001a6f7d85890 JavaThread "WorkspaceEventsHandler"            [_thread_blocked, id=9184, stack(0x00000047c6d00000,0x00000047c6e00000) (1024K)]
  0x000001a6f7d85f20 JavaThread "pool-1-thread-1"                   [_thread_blocked, id=21748, stack(0x00000047c6e00000,0x00000047c6f00000) (1024K)]
  0x000001a6f7175280 JavaThread "Cleaner-0"                  daemon [_thread_blocked, id=9576, stack(0x00000047c3600000,0x00000047c3700000) (1024K)]
  0x000001a6f91f0e30 JavaThread "Worker-9"                          [_thread_blocked, id=13776, stack(0x00000047c5c00000,0x00000047c5d00000) (1024K)]
  0x000001a6f7175910 JavaThread "Worker-12"                         [_thread_blocked, id=14764, stack(0x00000047c3500000,0x00000047c3600000) (1024K)]
  0x000001a6f6764470 JavaThread "ForkJoinPool.commonPool-worker-24" daemon [_thread_blocked, id=15712, stack(0x00000047c5400000,0x00000047c5500000) (1024K)]
  0x000001a6f6760ff0 JavaThread "ForkJoinPool.commonPool-worker-25" daemon [_thread_blocked, id=26476, stack(0x00000047c5500000,0x00000047c5600000) (1024K)]
  0x000001a6f167d330 JavaThread "C2 CompilerThread1"         daemon [_thread_blocked, id=14356, stack(0x00000047c5800000,0x00000047c5900000) (1024K)]
Total: 42

Other Threads:
  0x000001a697520b40 VMThread "VM Thread"                           [id=20000, stack(0x00000047c3a00000,0x00000047c3b00000) (1024K)]
  0x000001a6974f0a70 WatcherThread "VM Periodic Task Thread"        [id=25932, stack(0x00000047c3900000,0x00000047c3a00000) (1024K)]
  0x000001a6974a3440 WorkerThread "GC Thread#0"                     [id=15652, stack(0x00000047c3800000,0x00000047c3900000) (1024K)]
  0x000001a6f60208c0 WorkerThread "GC Thread#1"                     [id=13144, stack(0x00000047c4700000,0x00000047c4800000) (1024K)]
  0x000001a6f18779e0 WorkerThread "GC Thread#2"                     [id=28052, stack(0x00000047c4800000,0x00000047c4900000) (1024K)]
  0x000001a6f1877d90 WorkerThread "GC Thread#3"                     [id=12876, stack(0x00000047c4900000,0x00000047c4a00000) (1024K)]
  0x000001a6f1878140 WorkerThread "GC Thread#4"                     [id=12184, stack(0x00000047c4a00000,0x00000047c4b00000) (1024K)]
  0x000001a6f189c480 WorkerThread "GC Thread#5"                     [id=9504, stack(0x00000047c4b00000,0x00000047c4c00000) (1024K)]
  0x000001a6f189c830 WorkerThread "GC Thread#6"                     [id=21156, stack(0x00000047c4c00000,0x00000047c4d00000) (1024K)]
  0x000001a6f19b2840 WorkerThread "GC Thread#7"                     [id=15844, stack(0x00000047c4300000,0x00000047c4400000) (1024K)]
  0x000001a6f16964f0 WorkerThread "GC Thread#8"                     [id=15952, stack(0x00000047c5100000,0x00000047c5200000) (1024K)]
  0x000001a6f16968a0 WorkerThread "GC Thread#9"                     [id=21640, stack(0x00000047c5200000,0x00000047c5300000) (1024K)]
Total: 12

Threads with active compile tasks:
C2 CompilerThread0  6003718 23833       4       org.eclipse.jdt.internal.compiler.SourceElementNotifier::notifySourceElementRequestor (1085 bytes)
C2 CompilerThread1  6003718 23846       4       org.eclipse.jdt.internal.core.JavaModelCache::peekAtInfo (156 bytes)
Total: 2

VM state: at safepoint (normal execution)

VM Mutex/Monitor currently owned by a thread:  ([mutex/lock_event])
[0x00007ffdff10e560] Threads_lock - owner thread: 0x000001a697520b40
[0x00007ffdff10e660] Heap_lock - owner thread: 0x000001a6f6760ff0

Heap address: 0x0000000080000000, size: 2048 MB, Compressed Oops mode: 32-bit

CDS archive(s) mapped at: [0x000001a6ae000000-0x000001a6aeba0000-0x000001a6aeba0000), size 12189696, SharedBaseAddress: 0x000001a6ae000000, ArchiveRelocationMode: 1.
Compressed class space mapped at: 0x000001a6af000000-0x000001a6ef000000, reserved size: 1073741824
Narrow klass base: 0x000001a6ae000000, Narrow klass shift: 0, Narrow klass range: 0x100000000

GC Precious Log:
 CardTable entry size: 512
 CPUs: 12 total, 12 available
 Memory: 16106M
 Large Page Support: Disabled
 NUMA Support: Disabled
 Compressed Oops: Enabled (32-bit)
 Alignments: Space 512K, Generation 512K, Heap 2M
 Heap Min Capacity: 100M
 Heap Initial Capacity: 100M
 Heap Max Capacity: 2G
 Pre-touch: Disabled
 Parallel Workers: 10

Heap:
 PSYoungGen      total 1536K, used 512K [0x00000000d5580000, 0x00000000d5800000, 0x0000000100000000)
  eden space 1024K, 0% used [0x00000000d5580000,0x00000000d5580000,0x00000000d5680000)
  from space 512K, 100% used [0x00000000d5700000,0x00000000d5780000,0x00000000d5780000)
  to   space 512K, 0% used [0x00000000d5780000,0x00000000d5780000,0x00000000d5800000)
 ParOldGen       total 1090560K, used 938923K [0x0000000080000000, 0x00000000c2900000, 0x00000000d5580000)
  object space 1090560K, 86% used [0x0000000080000000,0x00000000b94eace8,0x00000000c2900000)
 Metaspace       used 89072K, committed 90816K, reserved 1179648K
  class space    used 8916K, committed 9664K, reserved 1048576K

Card table byte_map: [0x000001a696e20000,0x000001a697230000] _byte_map_base: 0x000001a696a20000

Marking Bits: (ParMarkBitMap*) 0x00007ffdff113450
 Begin Bits: [0x000001a6a9930000, 0x000001a6ab930000)
 End Bits:   [0x000001a6ab930000, 0x000001a6ad930000)

Polling page: 0x000001a695240000

Metaspace:

Usage:
  Non-class:     78.28 MB used.
      Class:      8.71 MB used.
       Both:     86.99 MB used.

Virtual space:
  Non-class space:      128.00 MB reserved,      79.25 MB ( 62%) committed,  2 nodes.
      Class space:        1.00 GB reserved,       9.44 MB ( <1%) committed,  1 nodes.
             Both:        1.12 GB reserved,      88.69 MB (  8%) committed. 

Chunk freelists:
   Non-Class:  448.00 KB
       Class:  6.55 MB
        Both:  6.98 MB

MaxMetaspaceSize: unlimited
CompressedClassSpaceSize: 1.00 GB
Initial GC threshold: 21.00 MB
Current GC threshold: 142.31 MB
CDS: on
 - commit_granule_bytes: 65536.
 - commit_granule_words: 8192.
 - virtual_space_node_default_size: 8388608.
 - enlarge_chunks_in_place: 1.
 - use_allocation_guard: 0.


Internal statistics:

num_allocs_failed_limit: 9.
num_arena_births: 1670.
num_arena_deaths: 262.
num_vsnodes_births: 3.
num_vsnodes_deaths: 0.
num_space_committed: 1419.
num_space_uncommitted: 0.
num_chunks_returned_to_freelist: 294.
num_chunks_taken_from_freelist: 6163.
num_chunk_merges: 75.
num_chunk_splits: 3598.
num_chunks_enlarged: 2002.
num_inconsistent_stats: 0.

CodeHeap 'non-profiled nmethods': size=120000Kb used=27675Kb max_used=27675Kb free=92324Kb
 bounds [0x000001a6a2150000, 0x000001a6a3c60000, 0x000001a6a9680000]
CodeHeap 'profiled nmethods': size=120000Kb used=52116Kb max_used=52116Kb free=67883Kb
 bounds [0x000001a69a680000, 0x000001a69d970000, 0x000001a6a1bb0000]
CodeHeap 'non-nmethods': size=5760Kb used=1525Kb max_used=1616Kb free=4234Kb
 bounds [0x000001a6a1bb0000, 0x000001a6a1e20000, 0x000001a6a2150000]
CodeCache: size=245760Kb, used=81316Kb, max_used=81407Kb, free=164441Kb
 total_blobs=20481, nmethods=19648, adapters=736, full_count=0
Compilation: enabled, stopped_count=0, restarted_count=0

Compilation events (20 events):
Event: 6002.579 Thread 0x000001a6f0244090 23851       3       org.eclipse.jdt.internal.core.search.matching.PatternLocator::getQualifiedPattern (34 bytes)
Event: 6002.579 Thread 0x000001a6f0244090 nmethod 23851 0x000001a69d95e990 code [0x000001a69d95eb60, 0x000001a69d95edf0]
Event: 6002.580 Thread 0x000001a6f0244090 23852       3       org.eclipse.jdt.internal.compiler.ASTVisitor::endVisit (1 bytes)
Event: 6002.580 Thread 0x000001a6f0244090 nmethod 23852 0x000001a69d95ee90 code [0x000001a69d95f020, 0x000001a69d95f128]
Event: 6002.583 Thread 0x000001a6f167d330 nmethod 23836 0x000001a6a3c54810 code [0x000001a6a3c54aa0, 0x000001a6a3c563b0]
Event: 6002.584 Thread 0x000001a6f167d330 23846       4       org.eclipse.jdt.internal.core.JavaModelCache::peekAtInfo (156 bytes)
Event: 6002.594 Thread 0x000001a6f0244090 23853       3       org.eclipse.jdt.internal.compiler.lookup.ParameterizedTypeBinding::isEquivalentTo (279 bytes)
Event: 6002.596 Thread 0x000001a6f0244090 nmethod 23853 0x000001a69d95f190 code [0x000001a69d95f520, 0x000001a69d960b10]
Event: 6002.596 Thread 0x000001a6f0244090 23855       3       org.eclipse.jdt.internal.compiler.lookup.ParameterizedTypeBinding::superInterfaces (158 bytes)
Event: 6002.599 Thread 0x000001a6f0244090 nmethod 23855 0x000001a69d961010 code [0x000001a69d9612a0, 0x000001a69d962230]
Event: 6002.599 Thread 0x000001a6f0244090 23858       3       org.eclipse.jdt.internal.compiler.lookup.Scope$Substitutor::substitute (105 bytes)
Event: 6002.600 Thread 0x000001a6f0244090 nmethod 23858 0x000001a69d962710 code [0x000001a69d962940, 0x000001a69d9633c8]
Event: 6002.601 Thread 0x000001a6f0244090 23859       2       org.eclipse.jdt.internal.compiler.lookup.ParameterizedTypeBinding::superclass (98 bytes)
Event: 6002.602 Thread 0x000001a6f0244090 nmethod 23859 0x000001a69d963690 code [0x000001a69d963880, 0x000001a69d963bc8]
Event: 6002.602 Thread 0x000001a6f0244090 23856       3       org.eclipse.jdt.internal.core.search.matching.JavaSearchNameEnvironment$$Lambda/0x000001a6af93b318::test (8 bytes)
Event: 6002.602 Thread 0x000001a6f0244090 nmethod 23856 0x000001a69d963d90 code [0x000001a69d963f40, 0x000001a69d964208]
Event: 6002.602 Thread 0x000001a6f0244090 23857       3       org.eclipse.jdt.internal.compiler.env.IModuleAwareNameEnvironment$LookupStrategy$$Lambda/0x000001a6af708db0::test (5 bytes)
Event: 6002.603 Thread 0x000001a6f0244090 nmethod 23857 0x000001a69d964310 code [0x000001a69d9644c0, 0x000001a69d964628]
Event: 6002.609 Thread 0x000001a6f0244090 23860       3       org.eclipse.jdt.internal.core.search.matching.JavaSearchNameEnvironment::addClassPathToModule (52 bytes)
Event: 6002.611 Thread 0x000001a6f0244090 nmethod 23860 0x000001a69d964710 code [0x000001a69d964940, 0x000001a69d965078]

GC Heap History (20 events):
Event: 6002.421 GC heap after
{Heap after GC invocations=3772 (full 5):
 PSYoungGen      total 1536K, used 384K [0x00000000d5580000, 0x00000000d5800000, 0x0000000100000000)
  eden space 1024K, 0% used [0x00000000d5580000,0x00000000d5580000,0x00000000d5680000)
  from space 512K, 75% used [0x00000000d5700000,0x00000000d5760000,0x00000000d5780000)
  to   space 512K, 0% used [0x00000000d5780000,0x00000000d5780000,0x00000000d5800000)
 ParOldGen       total 1090560K, used 937728K [0x0000000080000000, 0x00000000c2900000, 0x00000000d5580000)
  object space 1090560K, 85% used [0x0000000080000000,0x00000000b93c00b8,0x00000000c2900000)
 Metaspace       used 89058K, committed 90816K, reserved 1179648K
  class space    used 8916K, committed 9664K, reserved 1048576K
}
Event: 6002.440 GC heap before
{Heap before GC invocations=3773 (full 5):
 PSYoungGen      total 1536K, used 1408K [0x00000000d5580000, 0x00000000d5800000, 0x0000000100000000)
  eden space 1024K, 100% used [0x00000000d5580000,0x00000000d5680000,0x00000000d5680000)
  from space 512K, 75% used [0x00000000d5700000,0x00000000d5760000,0x00000000d5780000)
  to   space 512K, 0% used [0x00000000d5780000,0x00000000d5780000,0x00000000d5800000)
 ParOldGen       total 1090560K, used 937728K [0x0000000080000000, 0x00000000c2900000, 0x00000000d5580000)
  object space 1090560K, 85% used [0x0000000080000000,0x00000000b93c00b8,0x00000000c2900000)
 Metaspace       used 89058K, committed 90816K, reserved 1179648K
  class space    used 8916K, committed 9664K, reserved 1048576K
}
Event: 6002.442 GC heap after
{Heap after GC invocations=3773 (full 5):
 PSYoungGen      total 1536K, used 320K [0x00000000d5580000, 0x00000000d5800000, 0x0000000100000000)
  eden space 1024K, 0% used [0x00000000d5580000,0x00000000d5580000,0x00000000d5680000)
  from space 512K, 62% used [0x00000000d5780000,0x00000000d57d0000,0x00000000d5800000)
  to   space 512K, 0% used [0x00000000d5700000,0x00000000d5700000,0x00000000d5780000)
 ParOldGen       total 1090560K, used 937808K [0x0000000080000000, 0x00000000c2900000, 0x00000000d5580000)
  object space 1090560K, 85% used [0x0000000080000000,0x00000000b93d4298,0x00000000c2900000)
 Metaspace       used 89058K, committed 90816K, reserved 1179648K
  class space    used 8916K, committed 9664K, reserved 1048576K
}
Event: 6002.460 GC heap before
{Heap before GC invocations=3774 (full 5):
 PSYoungGen      total 1536K, used 1344K [0x00000000d5580000, 0x00000000d5800000, 0x0000000100000000)
  eden space 1024K, 100% used [0x00000000d5580000,0x00000000d5680000,0x00000000d5680000)
  from space 512K, 62% used [0x00000000d5780000,0x00000000d57d0000,0x00000000d5800000)
  to   space 512K, 0% used [0x00000000d5700000,0x00000000d5700000,0x00000000d5780000)
 ParOldGen       total 1090560K, used 937808K [0x0000000080000000, 0x00000000c2900000, 0x00000000d5580000)
  object space 1090560K, 85% used [0x0000000080000000,0x00000000b93d4298,0x00000000c2900000)
 Metaspace       used 89058K, committed 90816K, reserved 1179648K
  class space    used 8916K, committed 9664K, reserved 1048576K
}
Event: 6002.463 GC heap after
{Heap after GC invocations=3774 (full 5):
 PSYoungGen      total 1536K, used 352K [0x00000000d5580000, 0x00000000d5800000, 0x0000000100000000)
  eden space 1024K, 0% used [0x00000000d5580000,0x00000000d5580000,0x00000000d5680000)
  from space 512K, 68% used [0x00000000d5700000,0x00000000d5758000,0x00000000d5780000)
  to   space 512K, 0% used [0x00000000d5780000,0x00000000d5780000,0x00000000d5800000)
 ParOldGen       total 1090560K, used 937912K [0x0000000080000000, 0x00000000c2900000, 0x00000000d5580000)
  object space 1090560K, 86% used [0x0000000080000000,0x00000000b93ee298,0x00000000c2900000)
 Metaspace       used 89058K, committed 90816K, reserved 1179648K
  class space    used 8916K, committed 9664K, reserved 1048576K
}
Event: 6002.478 GC heap before
{Heap before GC invocations=3775 (full 5):
 PSYoungGen      total 1536K, used 1376K [0x00000000d5580000, 0x00000000d5800000, 0x0000000100000000)
  eden space 1024K, 100% used [0x00000000d5580000,0x00000000d5680000,0x00000000d5680000)
  from space 512K, 68% used [0x00000000d5700000,0x00000000d5758000,0x00000000d5780000)
  to   space 512K, 0% used [0x00000000d5780000,0x00000000d5780000,0x00000000d5800000)
 ParOldGen       total 1090560K, used 937912K [0x0000000080000000, 0x00000000c2900000, 0x00000000d5580000)
  object space 1090560K, 86% used [0x0000000080000000,0x00000000b93ee298,0x00000000c2900000)
 Metaspace       used 89058K, committed 90816K, reserved 1179648K
  class space    used 8916K, committed 9664K, reserved 1048576K
}
Event: 6002.480 GC heap after
{Heap after GC invocations=3775 (full 5):
 PSYoungGen      total 1536K, used 384K [0x00000000d5580000, 0x00000000d5800000, 0x0000000100000000)
  eden space 1024K, 0% used [0x00000000d5580000,0x00000000d5580000,0x00000000d5680000)
  from space 512K, 75% used [0x00000000d5780000,0x00000000d57e0000,0x00000000d5800000)
  to   space 512K, 0% used [0x00000000d5700000,0x00000000d5700000,0x00000000d5780000)
 ParOldGen       total 1090560K, used 938080K [0x0000000080000000, 0x00000000c2900000, 0x00000000d5580000)
  object space 1090560K, 86% used [0x0000000080000000,0x00000000b9418298,0x00000000c2900000)
 Metaspace       used 89058K, committed 90816K, reserved 1179648K
  class space    used 8916K, committed 9664K, reserved 1048576K
}
Event: 6002.498 GC heap before
{Heap before GC invocations=3776 (full 5):
 PSYoungGen      total 1536K, used 1408K [0x00000000d5580000, 0x00000000d5800000, 0x0000000100000000)
  eden space 1024K, 100% used [0x00000000d5580000,0x00000000d5680000,0x00000000d5680000)
  from space 512K, 75% used [0x00000000d5780000,0x00000000d57e0000,0x00000000d5800000)
  to   space 512K, 0% used [0x00000000d5700000,0x00000000d5700000,0x00000000d5780000)
 ParOldGen       total 1090560K, used 938080K [0x0000000080000000, 0x00000000c2900000, 0x00000000d5580000)
  object space 1090560K, 86% used [0x0000000080000000,0x00000000b9418298,0x00000000c2900000)
 Metaspace       used 89063K, committed 90816K, reserved 1179648K
  class space    used 8916K, committed 9664K, reserved 1048576K
}
Event: 6002.501 GC heap after
{Heap after GC invocations=3776 (full 5):
 PSYoungGen      total 1536K, used 384K [0x00000000d5580000, 0x00000000d5800000, 0x0000000100000000)
  eden space 1024K, 0% used [0x00000000d5580000,0x00000000d5580000,0x00000000d5680000)
  from space 512K, 75% used [0x00000000d5700000,0x00000000d5760000,0x00000000d5780000)
  to   space 512K, 0% used [0x00000000d5780000,0x00000000d5780000,0x00000000d5800000)
 ParOldGen       total 1090560K, used 938256K [0x0000000080000000, 0x00000000c2900000, 0x00000000d5580000)
  object space 1090560K, 86% used [0x0000000080000000,0x00000000b9444298,0x00000000c2900000)
 Metaspace       used 89063K, committed 90816K, reserved 1179648K
  class space    used 8916K, committed 9664K, reserved 1048576K
}
Event: 6002.520 GC heap before
{Heap before GC invocations=3777 (full 5):
 PSYoungGen      total 1536K, used 1408K [0x00000000d5580000, 0x00000000d5800000, 0x0000000100000000)
  eden space 1024K, 100% used [0x00000000d5580000,0x00000000d5680000,0x00000000d5680000)
  from space 512K, 75% used [0x00000000d5700000,0x00000000d5760000,0x00000000d5780000)
  to   space 512K, 0% used [0x00000000d5780000,0x00000000d5780000,0x00000000d5800000)
 ParOldGen       total 1090560K, used 938256K [0x0000000080000000, 0x00000000c2900000, 0x00000000d5580000)
  object space 1090560K, 86% used [0x0000000080000000,0x00000000b9444298,0x00000000c2900000)
 Metaspace       used 89064K, committed 90816K, reserved 1179648K
  class space    used 8916K, committed 9664K, reserved 1048576K
}
Event: 6002.523 GC heap after
{Heap after GC invocations=3777 (full 5):
 PSYoungGen      total 1536K, used 320K [0x00000000d5580000, 0x00000000d5800000, 0x0000000100000000)
  eden space 1024K, 0% used [0x00000000d5580000,0x00000000d5580000,0x00000000d5680000)
  from space 512K, 62% used [0x00000000d5780000,0x00000000d57d0000,0x00000000d5800000)
  to   space 512K, 0% used [0x00000000d5700000,0x00000000d5700000,0x00000000d5780000)
 ParOldGen       total 1090560K, used 938460K [0x0000000080000000, 0x00000000c2900000, 0x00000000d5580000)
  object space 1090560K, 86% used [0x0000000080000000,0x00000000b94772a8,0x00000000c2900000)
 Metaspace       used 89064K, committed 90816K, reserved 1179648K
  class space    used 8916K, committed 9664K, reserved 1048576K
}
Event: 6002.540 GC heap before
{Heap before GC invocations=3778 (full 5):
 PSYoungGen      total 1536K, used 1344K [0x00000000d5580000, 0x00000000d5800000, 0x0000000100000000)
  eden space 1024K, 100% used [0x00000000d5580000,0x00000000d5680000,0x00000000d5680000)
  from space 512K, 62% used [0x00000000d5780000,0x00000000d57d0000,0x00000000d5800000)
  to   space 512K, 0% used [0x00000000d5700000,0x00000000d5700000,0x00000000d5780000)
 ParOldGen       total 1090560K, used 938460K [0x0000000080000000, 0x00000000c2900000, 0x00000000d5580000)
  object space 1090560K, 86% used [0x0000000080000000,0x00000000b94772a8,0x00000000c2900000)
 Metaspace       used 89065K, committed 90816K, reserved 1179648K
  class space    used 8916K, committed 9664K, reserved 1048576K
}
Event: 6002.544 GC heap after
{Heap after GC invocations=3778 (full 5):
 PSYoungGen      total 1536K, used 288K [0x00000000d5580000, 0x00000000d5800000, 0x0000000100000000)
  eden space 1024K, 0% used [0x00000000d5580000,0x00000000d5580000,0x00000000d5680000)
  from space 512K, 56% used [0x00000000d5700000,0x00000000d5748000,0x00000000d5780000)
  to   space 512K, 0% used [0x00000000d5780000,0x00000000d5780000,0x00000000d5800000)
 ParOldGen       total 1090560K, used 938580K [0x0000000080000000, 0x00000000c2900000, 0x00000000d5580000)
  object space 1090560K, 86% used [0x0000000080000000,0x00000000b94952a8,0x00000000c2900000)
 Metaspace       used 89065K, committed 90816K, reserved 1179648K
  class space    used 8916K, committed 9664K, reserved 1048576K
}
Event: 6002.564 GC heap before
{Heap before GC invocations=3779 (full 5):
 PSYoungGen      total 1536K, used 1312K [0x00000000d5580000, 0x00000000d5800000, 0x0000000100000000)
  eden space 1024K, 100% used [0x00000000d5580000,0x00000000d5680000,0x00000000d5680000)
  from space 512K, 56% used [0x00000000d5700000,0x00000000d5748000,0x00000000d5780000)
  to   space 512K, 0% used [0x00000000d5780000,0x00000000d5780000,0x00000000d5800000)
 ParOldGen       total 1090560K, used 938580K [0x0000000080000000, 0x00000000c2900000, 0x00000000d5580000)
  object space 1090560K, 86% used [0x0000000080000000,0x00000000b94952a8,0x00000000c2900000)
 Metaspace       used 89066K, committed 90816K, reserved 1179648K
  class space    used 8916K, committed 9664K, reserved 1048576K
}
Event: 6002.567 GC heap after
{Heap after GC invocations=3779 (full 5):
 PSYoungGen      total 1536K, used 288K [0x00000000d5580000, 0x00000000d5800000, 0x0000000100000000)
  eden space 1024K, 0% used [0x00000000d5580000,0x00000000d5580000,0x00000000d5680000)
  from space 512K, 56% used [0x00000000d5780000,0x00000000d57c8000,0x00000000d5800000)
  to   space 512K, 0% used [0x00000000d5700000,0x00000000d5700000,0x00000000d5780000)
 ParOldGen       total 1090560K, used 938668K [0x0000000080000000, 0x00000000c2900000, 0x00000000d5580000)
  object space 1090560K, 86% used [0x0000000080000000,0x00000000b94ab2a8,0x00000000c2900000)
 Metaspace       used 89066K, committed 90816K, reserved 1179648K
  class space    used 8916K, committed 9664K, reserved 1048576K
}
Event: 6002.587 GC heap before
{Heap before GC invocations=3780 (full 5):
 PSYoungGen      total 1536K, used 1312K [0x00000000d5580000, 0x00000000d5800000, 0x0000000100000000)
  eden space 1024K, 100% used [0x00000000d5580000,0x00000000d5680000,0x00000000d5680000)
  from space 512K, 56% used [0x00000000d5780000,0x00000000d57c8000,0x00000000d5800000)
  to   space 512K, 0% used [0x00000000d5700000,0x00000000d5700000,0x00000000d5780000)
 ParOldGen       total 1090560K, used 938668K [0x0000000080000000, 0x00000000c2900000, 0x00000000d5580000)
  object space 1090560K, 86% used [0x0000000080000000,0x00000000b94ab2a8,0x00000000c2900000)
 Metaspace       used 89071K, committed 90816K, reserved 1179648K
  class space    used 8916K, committed 9664K, reserved 1048576K
}
Event: 6002.590 GC heap after
{Heap after GC invocations=3780 (full 5):
 PSYoungGen      total 1536K, used 288K [0x00000000d5580000, 0x00000000d5800000, 0x0000000100000000)
  eden space 1024K, 0% used [0x00000000d5580000,0x00000000d5580000,0x00000000d5680000)
  from space 512K, 56% used [0x00000000d5700000,0x00000000d5748000,0x00000000d5780000)
  to   space 512K, 0% used [0x00000000d5780000,0x00000000d5780000,0x00000000d5800000)
 ParOldGen       total 1090560K, used 938732K [0x0000000080000000, 0x00000000c2900000, 0x00000000d5580000)
  object space 1090560K, 86% used [0x0000000080000000,0x00000000b94bb2a8,0x00000000c2900000)
 Metaspace       used 89071K, committed 90816K, reserved 1179648K
  class space    used 8916K, committed 9664K, reserved 1048576K
}
Event: 6002.604 GC heap before
{Heap before GC invocations=3781 (full 5):
 PSYoungGen      total 1536K, used 1312K [0x00000000d5580000, 0x00000000d5800000, 0x0000000100000000)
  eden space 1024K, 100% used [0x00000000d5580000,0x00000000d5680000,0x00000000d5680000)
  from space 512K, 56% used [0x00000000d5700000,0x00000000d5748000,0x00000000d5780000)
  to   space 512K, 0% used [0x00000000d5780000,0x00000000d5780000,0x00000000d5800000)
 ParOldGen       total 1090560K, used 938732K [0x0000000080000000, 0x00000000c2900000, 0x00000000d5580000)
  object space 1090560K, 86% used [0x0000000080000000,0x00000000b94bb2a8,0x00000000c2900000)
 Metaspace       used 89072K, committed 90816K, reserved 1179648K
  class space    used 8916K, committed 9664K, reserved 1048576K
}
Event: 6002.607 GC heap after
{Heap after GC invocations=3781 (full 5):
 PSYoungGen      total 1536K, used 352K [0x00000000d5580000, 0x00000000d5800000, 0x0000000100000000)
  eden space 1024K, 0% used [0x00000000d5580000,0x00000000d5580000,0x00000000d5680000)
  from space 512K, 68% used [0x00000000d5780000,0x00000000d57d8000,0x00000000d5800000)
  to   space 512K, 0% used [0x00000000d5700000,0x00000000d5700000,0x00000000d5780000)
 ParOldGen       total 1090560K, used 938788K [0x0000000080000000, 0x00000000c2900000, 0x00000000d5580000)
  object space 1090560K, 86% used [0x0000000080000000,0x00000000b94c92a8,0x00000000c2900000)
 Metaspace       used 89072K, committed 90816K, reserved 1179648K
  class space    used 8916K, committed 9664K, reserved 1048576K
}
Event: 6002.625 GC heap before
{Heap before GC invocations=3782 (full 5):
 PSYoungGen      total 1536K, used 1376K [0x00000000d5580000, 0x00000000d5800000, 0x0000000100000000)
  eden space 1024K, 100% used [0x00000000d5580000,0x00000000d5680000,0x00000000d5680000)
  from space 512K, 68% used [0x00000000d5780000,0x00000000d57d8000,0x00000000d5800000)
  to   space 512K, 0% used [0x00000000d5700000,0x00000000d5700000,0x00000000d5780000)
 ParOldGen       total 1090560K, used 938788K [0x0000000080000000, 0x00000000c2900000, 0x00000000d5580000)
  object space 1090560K, 86% used [0x0000000080000000,0x00000000b94c92a8,0x00000000c2900000)
 Metaspace       used 89072K, committed 90816K, reserved 1179648K
  class space    used 8916K, committed 9664K, reserved 1048576K
}

Dll operation events (12 events):
Event: 0.008 Loaded shared library c:\Users\pravi\.vscode\extensions\redhat.java-1.54.0-win32-x64\jre\21.0.10-win32-x86_64\bin\java.dll
Event: 0.064 Loaded shared library c:\Users\pravi\.vscode\extensions\redhat.java-1.54.0-win32-x64\jre\21.0.10-win32-x86_64\bin\zip.dll
Event: 0.082 Loaded shared library C:\Users\pravi\.vscode\extensions\redhat.java-1.54.0-win32-x64\jre\21.0.10-win32-x86_64\bin\instrument.dll
Event: 0.087 Loaded shared library C:\Users\pravi\.vscode\extensions\redhat.java-1.54.0-win32-x64\jre\21.0.10-win32-x86_64\bin\net.dll
Event: 0.088 Loaded shared library C:\Users\pravi\.vscode\extensions\redhat.java-1.54.0-win32-x64\jre\21.0.10-win32-x86_64\bin\nio.dll
Event: 0.092 Loaded shared library C:\Users\pravi\.vscode\extensions\redhat.java-1.54.0-win32-x64\jre\21.0.10-win32-x86_64\bin\zip.dll
Event: 0.114 Loaded shared library C:\Users\pravi\.vscode\extensions\redhat.java-1.54.0-win32-x64\jre\21.0.10-win32-x86_64\bin\jimage.dll
Event: 0.189 Loaded shared library c:\Users\pravi\.vscode\extensions\redhat.java-1.54.0-win32-x64\jre\21.0.10-win32-x86_64\bin\verify.dll
Event: 5.930 Loaded shared library C:\Users\pravi\AppData\Roaming\Code\User\globalStorage\redhat.java\1.54.0\config_win\org.eclipse.equinox.launcher\org.eclipse.equinox.launcher.win32.win32.x86_64_1.3.0.v20260203-2149\eclipse_11919.dll
Event: 12.854 Loaded shared library C:\Users\pravi\AppData\Local\Temp\jna-106927506\jna4948421851786414626.dll
Event: 13.812 Loaded shared library C:\Users\pravi\.vscode\extensions\redhat.java-1.54.0-win32-x64\jre\21.0.10-win32-x86_64\bin\sunmscapi.dll
Event: 13.943 Loaded shared library C:\Users\pravi\.vscode\extensions\redhat.java-1.54.0-win32-x64\jre\21.0.10-win32-x86_64\bin\extnet.dll

Deoptimization events (20 events):
Event: 6002.409 Thread 0x000001a6f6760ff0 Uncommon trap: trap_request=0xffffffc6 fr.pc=0x000001a6a2b45ff4 relative=0x0000000000000474
Event: 6002.409 Thread 0x000001a6f6760ff0 Uncommon trap: reason=bimorphic_or_optimized_type_check action=maybe_recompile pc=0x000001a6a2b45ff4 method=org.eclipse.jdt.internal.compiler.lookup.ReferenceBinding.computeUniqueKey(Z)[C @ 5 c2
Event: 6002.409 Thread 0x000001a6f6760ff0 DEOPT PACKING pc=0x000001a6a2b45ff4 sp=0x00000047c55fdc30
Event: 6002.409 Thread 0x000001a6f6760ff0 DEOPT UNPACKING pc=0x000001a6a1c06da2 sp=0x00000047c55fdbf0 mode 2
Event: 6002.490 Thread 0x000001a6f6760ff0 Uncommon trap: trap_request=0xffffff45 fr.pc=0x000001a6a3a95e0c relative=0x000000000000044c
Event: 6002.490 Thread 0x000001a6f6760ff0 Uncommon trap: reason=unstable_if action=reinterpret pc=0x000001a6a3a95e0c method=org.eclipse.jdt.internal.compiler.lookup.ParameterizedTypeBinding.isEquivalentTo(Lorg/eclipse/jdt/internal/compiler/lookup/TypeBinding;)Z @ 20 c2
Event: 6002.490 Thread 0x000001a6f6760ff0 DEOPT PACKING pc=0x000001a6a3a95e0c sp=0x00000047c55fdf20
Event: 6002.490 Thread 0x000001a6f6760ff0 DEOPT UNPACKING pc=0x000001a6a1c06da2 sp=0x00000047c55fdea0 mode 2
Event: 6002.514 Thread 0x000001a6f6760ff0 Uncommon trap: trap_request=0xffffff45 fr.pc=0x000001a6a2213158 relative=0x0000000000000a18
Event: 6002.514 Thread 0x000001a6f6760ff0 Uncommon trap: reason=unstable_if action=reinterpret pc=0x000001a6a2213158 method=org.eclipse.jdt.internal.compiler.lookup.CapturingContext.isActive()Z @ 6 c2
Event: 6002.514 Thread 0x000001a6f6760ff0 DEOPT PACKING pc=0x000001a6a2213158 sp=0x00000047c55fd530
Event: 6002.514 Thread 0x000001a6f6760ff0 DEOPT UNPACKING pc=0x000001a6a1c06da2 sp=0x00000047c55fd4d0 mode 2
Event: 6002.514 Thread 0x000001a6f6760ff0 Uncommon trap: trap_request=0xffffff54 fr.pc=0x000001a6a275f4d0 relative=0x0000000000000210
Event: 6002.514 Thread 0x000001a6f6760ff0 Uncommon trap: reason=speculate_null_assert action=make_not_entrant pc=0x000001a6a275f4d0 method=org.eclipse.jdt.internal.compiler.lookup.CapturingContext.maybeCapture(Lorg/eclipse/jdt/internal/compiler/lookup/ReferenceBinding;)Lorg/eclipse/jdt/internal/c
Event: 6002.514 Thread 0x000001a6f6760ff0 DEOPT PACKING pc=0x000001a6a275f4d0 sp=0x00000047c55fd5d0
Event: 6002.514 Thread 0x000001a6f6760ff0 DEOPT UNPACKING pc=0x000001a6a1c06da2 sp=0x00000047c55fd518 mode 2
Event: 6002.514 Thread 0x000001a6f6760ff0 Uncommon trap: trap_request=0xffffff54 fr.pc=0x000001a6a275f4d0 relative=0x0000000000000210
Event: 6002.514 Thread 0x000001a6f6760ff0 Uncommon trap: reason=speculate_null_assert action=make_not_entrant pc=0x000001a6a275f4d0 method=org.eclipse.jdt.internal.compiler.lookup.CapturingContext.maybeCapture(Lorg/eclipse/jdt/internal/compiler/lookup/ReferenceBinding;)Lorg/eclipse/jdt/internal/c
Event: 6002.514 Thread 0x000001a6f6760ff0 DEOPT PACKING pc=0x000001a6a275f4d0 sp=0x00000047c55fd640
Event: 6002.514 Thread 0x000001a6f6760ff0 DEOPT UNPACKING pc=0x000001a6a1c06da2 sp=0x00000047c55fd588 mode 2

Classes loaded (20 events):
Event: 3132.882 Loading class java/io/ObjectOutputStream$ReplaceTable
Event: 3132.882 Loading class java/io/ObjectOutputStream$ReplaceTable done
Event: 3138.324 Loading class java/util/concurrent/ConcurrentHashMap$TreeNode
Event: 3138.325 Loading class java/util/concurrent/ConcurrentHashMap$TreeNode done
Event: 3138.325 Loading class java/util/concurrent/ConcurrentHashMap$TreeBin
Event: 3138.326 Loading class java/util/concurrent/ConcurrentHashMap$TreeBin done
Event: 3483.842 Loading class jdk/internal/icu/text/NormalizerBase$NFCModeImpl
Event: 3483.843 Loading class jdk/internal/icu/text/NormalizerBase$NFCModeImpl done
Event: 3483.843 Loading class jdk/internal/icu/impl/Norm2AllModes$NFCSingleton
Event: 3483.843 Loading class jdk/internal/icu/impl/Norm2AllModes$NFCSingleton done
Event: 3483.844 Loading class java/nio/StringCharBuffer
Event: 3483.844 Loading class java/nio/StringCharBuffer done
Event: 5429.565 Loading class sun/nio/ch/ChannelOutputStream
Event: 5429.566 Loading class sun/nio/ch/ChannelOutputStream done
Event: 5429.825 Loading class java/lang/invoke/MethodHandleImpl$CountingWrapper$1
Event: 5429.826 Loading class java/lang/invoke/MethodHandleImpl$CountingWrapper$1 done
Event: 5440.278 Loading class java/util/concurrent/ConcurrentHashMap$KeySpliterator
Event: 5440.279 Loading class java/util/concurrent/ConcurrentHashMap$KeySpliterator done
Event: 5440.331 Loading class java/util/ArrayDeque$DeqSpliterator
Event: 5440.332 Loading class java/util/ArrayDeque$DeqSpliterator done

Classes unloaded (20 events):
Event: 2994.142 Thread 0x000001a697520b40 Unloading class 0x000001a6af01ec00 'java/lang/invoke/LambdaForm$MH+0x000001a6af01ec00'
Event: 2994.142 Thread 0x000001a697520b40 Unloading class 0x000001a6af018800 'java/lang/invoke/LambdaForm$MH+0x000001a6af018800'
Event: 2994.142 Thread 0x000001a697520b40 Unloading class 0x000001a6af00d800 'java/lang/invoke/LambdaForm$MH+0x000001a6af00d800'
Event: 2994.142 Thread 0x000001a697520b40 Unloading class 0x000001a6af00d400 'java/lang/invoke/LambdaForm$MH+0x000001a6af00d400'
Event: 2994.142 Thread 0x000001a697520b40 Unloading class 0x000001a6af00d000 'java/lang/invoke/LambdaForm$MH+0x000001a6af00d000'
Event: 2994.142 Thread 0x000001a697520b40 Unloading class 0x000001a6af00cc00 'java/lang/invoke/LambdaForm$MH+0x000001a6af00cc00'
Event: 2994.142 Thread 0x000001a697520b40 Unloading class 0x000001a6af00c800 'java/lang/invoke/LambdaForm$BMH+0x000001a6af00c800'
Event: 2994.142 Thread 0x000001a697520b40 Unloading class 0x000001a6af00c000 'java/lang/invoke/LambdaForm$DMH+0x000001a6af00c000'
Event: 2994.142 Thread 0x000001a697520b40 Unloading class 0x000001a6af008c00 'java/lang/invoke/LambdaForm$MH+0x000001a6af008c00'
Event: 2994.142 Thread 0x000001a697520b40 Unloading class 0x000001a6af008800 'java/lang/invoke/LambdaForm$MH+0x000001a6af008800'
Event: 2994.142 Thread 0x000001a697520b40 Unloading class 0x000001a6af008400 'java/lang/invoke/LambdaForm$MH+0x000001a6af008400'
Event: 2994.142 Thread 0x000001a697520b40 Unloading class 0x000001a6af007000 'java/lang/invoke/LambdaForm$MH+0x000001a6af007000'
Event: 2994.142 Thread 0x000001a697520b40 Unloading class 0x000001a6af006800 'java/lang/invoke/LambdaForm$MH+0x000001a6af006800'
Event: 2994.142 Thread 0x000001a697520b40 Unloading class 0x000001a6af006400 'java/lang/invoke/LambdaForm$MH+0x000001a6af006400'
Event: 2994.142 Thread 0x000001a697520b40 Unloading class 0x000001a6af006000 'java/lang/invoke/LambdaForm$MH+0x000001a6af006000'
Event: 2994.142 Thread 0x000001a697520b40 Unloading class 0x000001a6af005c00 'java/lang/invoke/LambdaForm$BMH+0x000001a6af005c00'
Event: 2994.142 Thread 0x000001a697520b40 Unloading class 0x000001a6af004800 'java/lang/invoke/LambdaForm$DMH+0x000001a6af004800'
Event: 2994.142 Thread 0x000001a697520b40 Unloading class 0x000001a6af002400 'java/lang/invoke/LambdaForm$MH+0x000001a6af002400'
Event: 2994.142 Thread 0x000001a697520b40 Unloading class 0x000001a6af002000 'java/lang/invoke/LambdaForm$MH+0x000001a6af002000'
Event: 2994.142 Thread 0x000001a697520b40 Unloading class 0x000001a6af001800 'java/lang/invoke/LambdaForm$MH+0x000001a6af001800'

Classes redefined (0 events):
No events

Internal exceptions (20 events):
Event: 5446.128 Thread 0x000001a6f7178070 Exception <a 'sun/nio/fs/WindowsException'{0x00000000d5640fd8}> (0x00000000d5640fd8) 
thrown [s\src\hotspot\share\prims\jni.cpp, line 520]
Event: 5446.128 Thread 0x000001a6f7178070 Exception <a 'sun/nio/fs/WindowsException'{0x00000000d5641a88}> (0x00000000d5641a88) 
thrown [s\src\hotspot\share\prims\jni.cpp, line 520]
Event: 5446.130 Thread 0x000001a6f7178070 Exception <a 'sun/nio/fs/WindowsException'{0x00000000d5651fb8}> (0x00000000d5651fb8) 
thrown [s\src\hotspot\share\prims\jni.cpp, line 520]
Event: 5446.130 Thread 0x000001a6f7178070 Exception <a 'sun/nio/fs/WindowsException'{0x00000000d5652a68}> (0x00000000d5652a68) 
thrown [s\src\hotspot\share\prims\jni.cpp, line 520]
Event: 5446.131 Thread 0x000001a6f7178070 Exception <a 'sun/nio/fs/WindowsException'{0x00000000d5681d90}> (0x00000000d5681d90) 
thrown [s\src\hotspot\share\prims\jni.cpp, line 520]
Event: 5446.131 Thread 0x000001a6f7178070 Exception <a 'sun/nio/fs/WindowsException'{0x00000000d5682590}> (0x00000000d5682590) 
thrown [s\src\hotspot\share\prims\jni.cpp, line 520]
Event: 5446.238 Thread 0x000001a6f7d837c0 Exception <a 'java/lang/NoSuchMethodError'{0x00000000d56e5e28}: 'int java.lang.invoke.DirectMethodHandle$Holder.invokeStatic(java.lang.Object)'> (0x00000000d56e5e28) 
thrown [s\src\hotspot\share\interpreter\linkResolver.cpp, line 773]
Event: 5446.259 Thread 0x000001a6f7d837c0 Exception <a 'sun/nio/fs/WindowsException'{0x00000000d574caf0}> (0x00000000d574caf0) 
thrown [s\src\hotspot\share\prims\jni.cpp, line 520]
Event: 5446.289 Thread 0x000001a6f7d837c0 Implicit null exception at 0x000001a6a37d9f9e to 0x000001a6a37da80c
Event: 5446.429 Thread 0x000001a6f91f0e30 Implicit null exception at 0x000001a6a22e851c to 0x000001a6a22e90f0
Event: 5446.700 Thread 0x000001a6f91f2870 Implicit null exception at 0x000001a6a2ea36bd to 0x000001a6a2ea3731
Event: 5446.709 Thread 0x000001a6f7d837c0 Exception <a 'java/lang/ArrayIndexOutOfBoundsException'{0x00000000d5798b00}: Index 542 out of bounds for length 542> (0x00000000d5798b00) 
thrown [s\src\hotspot\share\interpreter\interpreterRuntime.cpp, line 439]
Event: 5447.226 Thread 0x000001a6f6ccaf30 Exception <a 'java/lang/NoSuchMethodError'{0x00000000d5680d30}: 'void java.lang.invoke.DirectMethodHandle$Holder.invokeStatic(java.lang.Object, int, java.lang.Object)'> (0x00000000d5680d30) 
thrown [s\src\hotspot\share\interpreter\linkResolver.cpp, line 773]
Event: 5447.289 Thread 0x000001a6f6ccaf30 Implicit null exception at 0x000001a6a238a0ee to 0x000001a6a238a36c
Event: 5450.152 Thread 0x000001a6f7d837c0 Implicit null exception at 0x000001a6a37e174a to 0x000001a6a37e1e54
Event: 5451.089 Thread 0x000001a6f7d837c0 Exception <a 'sun/nio/fs/WindowsException'{0x00000000d55dd650}> (0x00000000d55dd650) 
thrown [s\src\hotspot\share\prims\jni.cpp, line 520]
Event: 5451.089 Thread 0x000001a6f7d837c0 Exception <a 'sun/nio/fs/WindowsException'{0x00000000d55dde50}> (0x00000000d55dde50) 
thrown [s\src\hotspot\share\prims\jni.cpp, line 520]
Event: 5995.236 Thread 0x000001a6f6760ff0 Exception <a 'sun/nio/fs/WindowsException'{0x00000000d55bdc60}> (0x00000000d55bdc60) 
thrown [s\src\hotspot\share\prims\jni.cpp, line 520]
Event: 6001.537 Thread 0x000001a6f6760ff0 Implicit null exception at 0x000001a6a3351dda to 0x000001a6a3351e14
Event: 6002.372 Thread 0x000001a6f6760ff0 Implicit null exception at 0x000001a6a379f920 to 0x000001a6a37a0db8

ZGC Phase Switch (0 events):
No events

VM Operations (20 events):
Event: 6002.421 Executing safepoint VM operation: ParallelGCFailedAllocation (Allocation Failure) done
Event: 6002.439 Executing safepoint VM operation: ParallelGCFailedAllocation (Allocation Failure)
Event: 6002.442 Executing safepoint VM operation: ParallelGCFailedAllocation (Allocation Failure) done
Event: 6002.460 Executing safepoint VM operation: ParallelGCFailedAllocation (Allocation Failure)
Event: 6002.463 Executing safepoint VM operation: ParallelGCFailedAllocation (Allocation Failure) done
Event: 6002.478 Executing safepoint VM operation: ParallelGCFailedAllocation (Allocation Failure)
Event: 6002.480 Executing safepoint VM operation: ParallelGCFailedAllocation (Allocation Failure) done
Event: 6002.498 Executing safepoint VM operation: ParallelGCFailedAllocation (Allocation Failure)
Event: 6002.501 Executing safepoint VM operation: ParallelGCFailedAllocation (Allocation Failure) done
Event: 6002.520 Executing safepoint VM operation: ParallelGCFailedAllocation (Allocation Failure)
Event: 6002.523 Executing safepoint VM operation: ParallelGCFailedAllocation (Allocation Failure) done
Event: 6002.540 Executing safepoint VM operation: ParallelGCFailedAllocation (Allocation Failure)
Event: 6002.544 Executing safepoint VM operation: ParallelGCFailedAllocation (Allocation Failure) done
Event: 6002.564 Executing safepoint VM operation: ParallelGCFailedAllocation (Allocation Failure)
Event: 6002.567 Executing safepoint VM operation: ParallelGCFailedAllocation (Allocation Failure) done
Event: 6002.587 Executing safepoint VM operation: ParallelGCFailedAllocation (Allocation Failure)
Event: 6002.590 Executing safepoint VM operation: ParallelGCFailedAllocation (Allocation Failure) done
Event: 6002.604 Executing safepoint VM operation: ParallelGCFailedAllocation (Allocation Failure)
Event: 6002.607 Executing safepoint VM operation: ParallelGCFailedAllocation (Allocation Failure) done
Event: 6002.625 Executing safepoint VM operation: ParallelGCFailedAllocation (Allocation Failure)

Memory protections (0 events):
No events

Nmethod flushes (20 events):
Event: 3419.843 Thread 0x000001a697520b40 flushing  nmethod 0x000001a69c344110
Event: 3419.843 Thread 0x000001a697520b40 flushing  nmethod 0x000001a69c371390
Event: 3419.843 Thread 0x000001a697520b40 flushing  nmethod 0x000001a69c387110
Event: 3419.843 Thread 0x000001a697520b40 flushing  nmethod 0x000001a69c391b90
Event: 3419.843 Thread 0x000001a697520b40 flushing  nmethod 0x000001a69c3d1490
Event: 3419.843 Thread 0x000001a697520b40 flushing  nmethod 0x000001a69c3e2210
Event: 3419.843 Thread 0x000001a697520b40 flushing  nmethod 0x000001a69c44b490
Event: 3419.843 Thread 0x000001a697520b40 flushing  nmethod 0x000001a69c4fe990
Event: 3419.843 Thread 0x000001a697520b40 flushing  nmethod 0x000001a69c547710
Event: 3419.843 Thread 0x000001a697520b40 flushing  nmethod 0x000001a69c560390
Event: 3419.843 Thread 0x000001a697520b40 flushing  nmethod 0x000001a69c563f10
Event: 3419.843 Thread 0x000001a697520b40 flushing  nmethod 0x000001a69c574a90
Event: 3419.843 Thread 0x000001a697520b40 flushing  nmethod 0x000001a69c632d10
Event: 3419.843 Thread 0x000001a697520b40 flushing  nmethod 0x000001a69c63ef90
Event: 3419.843 Thread 0x000001a697520b40 flushing  nmethod 0x000001a69c65e410
Event: 3419.843 Thread 0x000001a697520b40 flushing  nmethod 0x000001a69c6c3e90
Event: 3419.843 Thread 0x000001a697520b40 flushing  nmethod 0x000001a69c6c4910
Event: 3419.843 Thread 0x000001a697520b40 flushing  nmethod 0x000001a69c6c7490
Event: 3419.843 Thread 0x000001a697520b40 flushing  nmethod 0x000001a69c718690
Event: 3419.843 Thread 0x000001a697520b40 flushing  nmethod 0x000001a69c76d990

Events (20 events):
Event: 5750.294 Thread 0x000001a6fae97e10 Thread exited: 0x000001a6fae97e10
Event: 5750.294 Thread 0x000001a6fae984a0 Thread exited: 0x000001a6fae984a0
Event: 5750.296 Thread 0x000001a6f91f2870 Thread exited: 0x000001a6f91f2870
Event: 5750.296 Thread 0x000001a6f1609530 Thread exited: 0x000001a6f1609530
Event: 5750.296 Thread 0x000001a6fae99850 Thread exited: 0x000001a6fae99850
Event: 5750.296 Thread 0x000001a6f91f3590 Thread exited: 0x000001a6f91f3590
Event: 5750.296 Thread 0x000001a6f6ccbc50 Thread exited: 0x000001a6f6ccbc50
Event: 5750.296 Thread 0x000001a6fae991c0 Thread exited: 0x000001a6fae991c0
Event: 5750.296 Thread 0x000001a6fae99ee0 Thread exited: 0x000001a6fae99ee0
Event: 5750.311 Thread 0x000001a6f038d510 Thread exited: 0x000001a6f038d510
Event: 5790.355 Thread 0x000001a6f7d85200 Thread exited: 0x000001a6f7d85200
Event: 5808.840 Thread 0x000001a6f7178700 Thread exited: 0x000001a6f7178700
Event: 5850.360 Thread 0x000001a6f7d872d0 Thread exited: 0x000001a6f7d872d0
Event: 5866.092 Thread 0x000001a6f7d85f20 Thread added: 0x000001a6f6763750
Event: 5927.066 Thread 0x000001a6f6763750 Thread exited: 0x000001a6f6763750
Event: 5989.439 Thread 0x000001a6f7d85f20 Thread added: 0x000001a6f6764470
Event: 5989.575 Thread 0x000001a6f6764470 Thread added: 0x000001a6f6760ff0
Event: 6000.441 Thread 0x000001a6f0244090 Thread added: 0x000001a6f167d330
Event: 6002.341 Thread 0x000001a6f167d330 Thread exited: 0x000001a6f167d330
Event: 6002.528 Thread 0x000001a6f0244090 Thread added: 0x000001a6f167d330


Dynamic libraries:
0x00007ff76ac80000 - 0x00007ff76ac8e000 	c:\Users\pravi\.vscode\extensions\redhat.java-1.54.0-win32-x64\jre\21.0.10-win32-x86_64\bin\java.exe
0x00007ffeaea40000 - 0x00007ffeaeca6000 	C:\WINDOWS\SYSTEM32\ntdll.dll
0x00007ffeadbf0000 - 0x00007ffeadcb9000 	C:\WINDOWS\System32\KERNEL32.DLL
0x00007ffeabe90000 - 0x00007ffeac28a000 	C:\WINDOWS\System32\KERNELBASE.dll
0x00007ffeac630000 - 0x00007ffeac77c000 	C:\WINDOWS\System32\ucrtbase.dll
0x00007ffe78830000 - 0x00007ffe78848000 	c:\Users\pravi\.vscode\extensions\redhat.java-1.54.0-win32-x64\jre\21.0.10-win32-x86_64\bin\jli.dll
0x00007ffe80100000 - 0x00007ffe8011e000 	c:\Users\pravi\.vscode\extensions\redhat.java-1.54.0-win32-x64\jre\21.0.10-win32-x86_64\bin\VCRUNTIME140.dll
0x00007ffead300000 - 0x00007ffead4c7000 	C:\WINDOWS\System32\USER32.dll
0x00007ffeac780000 - 0x00007ffeac7a7000 	C:\WINDOWS\System32\win32u.dll
0x00007ffe91cf0000 - 0x00007ffe91f82000 	C:\WINDOWS\WinSxS\amd64_microsoft.windows.common-controls_6595b64144ccf1df_6.0.26100.8521_none_3e08b75ce33403b3\COMCTL32.dll
0x00007ffeae9d0000 - 0x00007ffeae9fb000 	C:\WINDOWS\System32\GDI32.dll
0x00007ffead4d0000 - 0x00007ffead579000 	C:\WINDOWS\System32\msvcrt.dll
0x00007ffeabd60000 - 0x00007ffeabe8b000 	C:\WINDOWS\System32\gdi32full.dll
0x00007ffeac580000 - 0x00007ffeac623000 	C:\WINDOWS\System32\msvcp_win.dll
0x00007ffead1c0000 - 0x00007ffead1f2000 	C:\WINDOWS\System32\IMM32.DLL
0x00007ffe7e500000 - 0x00007ffe7e50c000 	c:\Users\pravi\.vscode\extensions\redhat.java-1.54.0-win32-x64\jre\21.0.10-win32-x86_64\bin\vcruntime140_1.dll
0x00007ffe3d390000 - 0x00007ffe3d41d000 	c:\Users\pravi\.vscode\extensions\redhat.java-1.54.0-win32-x64\jre\21.0.10-win32-x86_64\bin\msvcp140.dll
0x00007ffdfe450000 - 0x00007ffdff1f1000 	c:\Users\pravi\.vscode\extensions\redhat.java-1.54.0-win32-x64\jre\21.0.10-win32-x86_64\bin\server\jvm.dll
0x00007ffead810000 - 0x00007ffead8c6000 	C:\WINDOWS\System32\ADVAPI32.dll
0x00007ffead760000 - 0x00007ffead80a000 	C:\WINDOWS\System32\sechost.dll
0x00007ffeae770000 - 0x00007ffeae888000 	C:\WINDOWS\System32\RPCRT4.dll
0x00007ffeae920000 - 0x00007ffeae9a0000 	C:\WINDOWS\System32\WS2_32.dll
0x00007ffeaa8e0000 - 0x00007ffeaa93e000 	C:\WINDOWS\SYSTEM32\POWRPROF.dll
0x00007ffea0fc0000 - 0x00007ffea0ff6000 	C:\WINDOWS\SYSTEM32\WINMM.dll
0x00007ffea2780000 - 0x00007ffea278b000 	C:\WINDOWS\SYSTEM32\VERSION.dll
0x00007ffeaa8c0000 - 0x00007ffeaa8d4000 	C:\WINDOWS\SYSTEM32\UMPDC.dll
0x00007ffeaab80000 - 0x00007ffeaab9b000 	C:\WINDOWS\SYSTEM32\kernel.appcore.dll
0x00007ffe7aa40000 - 0x00007ffe7aa4a000 	c:\Users\pravi\.vscode\extensions\redhat.java-1.54.0-win32-x64\jre\21.0.10-win32-x86_64\bin\jimage.dll
0x00007ffea9350000 - 0x00007ffea9592000 	C:\WINDOWS\SYSTEM32\DBGHELP.DLL
0x00007ffeac7b0000 - 0x00007ffeacb33000 	C:\WINDOWS\System32\combase.dll
0x00007ffeadef0000 - 0x00007ffeadfc9000 	C:\WINDOWS\System32\OLEAUT32.dll
0x00007ffe8cfd0000 - 0x00007ffe8d00b000 	C:\WINDOWS\SYSTEM32\dbgcore.DLL
0x00007ffeac290000 - 0x00007ffeac338000 	C:\WINDOWS\System32\bcryptPrimitives.dll
0x00007ffe72200000 - 0x00007ffe7220f000 	c:\Users\pravi\.vscode\extensions\redhat.java-1.54.0-win32-x64\jre\21.0.10-win32-x86_64\bin\instrument.dll
0x00007ffe66b50000 - 0x00007ffe66b70000 	c:\Users\pravi\.vscode\extensions\redhat.java-1.54.0-win32-x64\jre\21.0.10-win32-x86_64\bin\java.dll
0x00007ffeadfe0000 - 0x00007ffeae764000 	C:\WINDOWS\System32\SHELL32.dll
0x00007ffea98d0000 - 0x00007ffeaa150000 	C:\WINDOWS\SYSTEM32\windows.storage.dll
0x00007ffead200000 - 0x00007ffead2f6000 	C:\WINDOWS\System32\SHCORE.dll
0x00007ffeade20000 - 0x00007ffeade87000 	C:\WINDOWS\System32\shlwapi.dll
0x00007ffeabbf0000 - 0x00007ffeabc19000 	C:\WINDOWS\SYSTEM32\profapi.dll
0x00007ffe65420000 - 0x00007ffe65438000 	c:\Users\pravi\.vscode\extensions\redhat.java-1.54.0-win32-x64\jre\21.0.10-win32-x86_64\bin\zip.dll
0x00007ffe71310000 - 0x00007ffe71320000 	C:\Users\pravi\.vscode\extensions\redhat.java-1.54.0-win32-x64\jre\21.0.10-win32-x86_64\bin\net.dll
0x00007ffea3ae0000 - 0x00007ffea3c09000 	C:\WINDOWS\SYSTEM32\WINHTTP.dll
0x00007ffeab0f0000 - 0x00007ffeab15c000 	C:\WINDOWS\system32\mswsock.dll
0x00007ffe65400000 - 0x00007ffe65416000 	C:\Users\pravi\.vscode\extensions\redhat.java-1.54.0-win32-x64\jre\21.0.10-win32-x86_64\bin\nio.dll
0x00007ffe70620000 - 0x00007ffe70630000 	c:\Users\pravi\.vscode\extensions\redhat.java-1.54.0-win32-x64\jre\21.0.10-win32-x86_64\bin\verify.dll
0x00007ffe4f5c0000 - 0x00007ffe4f605000 	C:\Users\pravi\AppData\Roaming\Code\User\globalStorage\redhat.java\1.54.0\config_win\org.eclipse.equinox.launcher\org.eclipse.equinox.launcher.win32.win32.x86_64_1.3.0.v20260203-2149\eclipse_11919.dll
0x00007ffead950000 - 0x00007ffeadae8000 	C:\WINDOWS\System32\ole32.dll
0x00007ffeab3d0000 - 0x00007ffeab3eb000 	C:\WINDOWS\SYSTEM32\CRYPTSP.dll
0x00007ffeaaae0000 - 0x00007ffeaab19000 	C:\WINDOWS\system32\rsaenh.dll
0x00007ffeab1a0000 - 0x00007ffeab1d3000 	C:\WINDOWS\SYSTEM32\USERENV.dll
0x00007ffeabbc0000 - 0x00007ffeabbea000 	C:\WINDOWS\SYSTEM32\bcrypt.dll
0x00007ffeab3f0000 - 0x00007ffeab3fc000 	C:\WINDOWS\SYSTEM32\CRYPTBASE.dll
0x00007ffeaa4f0000 - 0x00007ffeaa523000 	C:\WINDOWS\SYSTEM32\IPHLPAPI.DLL
0x00007ffeacb40000 - 0x00007ffeacb4a000 	C:\WINDOWS\System32\NSI.dll
0x00007ffe3cf10000 - 0x00007ffe3cf59000 	C:\Users\pravi\AppData\Local\Temp\jna-106927506\jna4948421851786414626.dll
0x00007ffeadfd0000 - 0x00007ffeadfd8000 	C:\WINDOWS\System32\PSAPI.DLL
0x00007ffea3d00000 - 0x00007ffea3d1d000 	C:\WINDOWS\SYSTEM32\dhcpcsvc6.DLL
0x00007ffea3cd0000 - 0x00007ffea3cf5000 	C:\WINDOWS\SYSTEM32\dhcpcsvc.DLL
0x00007ffe6bf10000 - 0x00007ffe6bf1e000 	C:\Users\pravi\.vscode\extensions\redhat.java-1.54.0-win32-x64\jre\21.0.10-win32-x86_64\bin\sunmscapi.dll
0x00007ffeac340000 - 0x00007ffeac4b8000 	C:\WINDOWS\System32\CRYPT32.dll
0x00007ffeab5f0000 - 0x00007ffeab620000 	C:\WINDOWS\SYSTEM32\ncrypt.dll
0x00007ffeab5a0000 - 0x00007ffeab5df000 	C:\WINDOWS\SYSTEM32\NTASN1.dll
0x00007ffeaa5e0000 - 0x00007ffeaa72a000 	C:\WINDOWS\SYSTEM32\DNSAPI.dll
0x00007ffeaaea0000 - 0x00007ffeaaead000 	C:\WINDOWS\SYSTEM32\DSPARSE.dll
0x00007ffea39e0000 - 0x00007ffea39eb000 	C:\Windows\System32\rasadhlp.dll
0x00007ffea3e60000 - 0x00007ffea3ee6000 	C:\WINDOWS\System32\fwpuclnt.dll
0x00007ffe6b380000 - 0x00007ffe6b389000 	C:\Users\pravi\.vscode\extensions\redhat.java-1.54.0-win32-x64\jre\21.0.10-win32-x86_64\bin\extnet.dll

JVMTI agents:
c:\Users\pravi\.vscode\extensions\redhat.java-1.54.0-win32-x64\lombok\lombok-1.18.39-4050.jar path:c:\Users\pravi\.vscode\extensions\redhat.java-1.54.0-win32-x64\jre\21.0.10-win32-x86_64\bin\instrument.dll, loaded, initialized, instrumentlib options:none

dbghelp: loaded successfully - version: 4.0.5 - missing functions: none
symbol engine: initialized successfully - sym options: 0x614 - pdb path: .;c:\Users\pravi\.vscode\extensions\redhat.java-1.54.0-win32-x64\jre\21.0.10-win32-x86_64\bin;C:\WINDOWS\SYSTEM32;C:\WINDOWS\WinSxS\amd64_microsoft.windows.common-controls_6595b64144ccf1df_6.0.26100.8521_none_3e08b75ce33403b3;c:\Users\pravi\.vscode\extensions\redhat.java-1.54.0-win32-x64\jre\21.0.10-win32-x86_64\bin\server;C:\Users\pravi\AppData\Roaming\Code\User\globalStorage\redhat.java\1.54.0\config_win\org.eclipse.equinox.launcher\org.eclipse.equinox.launcher.win32.win32.x86_64_1.3.0.v20260203-2149;C:\Users\pravi\AppData\Local\Temp\jna-106927506

VM Arguments:
jvm_args: --add-modules=ALL-SYSTEM --add-opens=java.base/java.util=ALL-UNNAMED --add-opens=java.base/java.lang=ALL-UNNAMED --add-opens=java.base/sun.nio.fs=ALL-UNNAMED -Declipse.application=org.eclipse.jdt.ls.core.id1 -Dosgi.bundles.defaultStartLevel=4 -Declipse.product=org.eclipse.jdt.ls.core.product -Djava.import.generatesMetadataFilesAtProjectRoot=false -DDetectVMInstallationsJob.disabled=true -Dfile.encoding=utf8 -XX:+UseParallelGC -XX:GCTimeRatio=4 -XX:AdaptiveSizePolicyWeight=90 -Dsun.zip.disableMemoryMapping=true -Xmx2G -Xms100m -Xlog:disable -javaagent:c:\Users\pravi\.vscode\extensions\redhat.java-1.54.0-win32-x64\lombok\lombok-1.18.39-4050.jar -XX:+HeapDumpOnOutOfMemoryError -XX:HeapDumpPath=c:\Users\pravi\AppData\Roaming\Code\User\workspaceStorage\3344d817d87000fa03f530339656b24b\redhat.java -Daether.dependencyCollector.impl=bf 
java_command: c:\Users\pravi\.vscode\extensions\redhat.java-1.54.0-win32-x64\server\plugins\org.eclipse.equinox.launcher_1.7.100.v20251111-0406.jar -configuration c:\Users\pravi\AppData\Roaming\Code\User\globalStorage\redhat.java\1.54.0\config_win -data c:\Users\pravi\AppData\Roaming\Code\User\workspaceStorage\3344d817d87000fa03f530339656b24b\redhat.java\jdt_ws --pipe=\\.\pipe\lsp-9560e57a7eef5f6d9997249e6cae656a-sock
java_class_path (initial): c:\Users\pravi\.vscode\extensions\redhat.java-1.54.0-win32-x64\server\plugins\org.eclipse.equinox.launcher_1.7.100.v20251111-0406.jar
Launcher Type: SUN_STANDARD

[Global flags]
    uintx AdaptiveSizePolicyWeight                 = 90                                        {product} {command line}
     intx CICompilerCount                          = 4                                         {product} {ergonomic}
    uintx GCTimeRatio                              = 4                                         {product} {command line}
     bool HeapDumpOnOutOfMemoryError               = true                                   {manageable} {command line}
    ccstr HeapDumpPath                             = c:\Users\pravi\AppData\Roaming\Code\User\workspaceStorage\3344d817d87000fa03f530339656b24b\redhat.java         {manageable} {command line}
   size_t InitialHeapSize                          = 104857600                                 {product} {command line}
   size_t MaxHeapSize                              = 2147483648                                {product} {command line}
   size_t MaxNewSize                               = 715653120                                 {product} {ergonomic}
   size_t MinHeapDeltaBytes                        = 524288                                    {product} {ergonomic}
   size_t MinHeapSize                              = 104857600                                 {product} {command line}
   size_t NewSize                                  = 34603008                                  {product} {ergonomic}
    uintx NonNMethodCodeHeapSize                   = 5839372                                {pd product} {ergonomic}
    uintx NonProfiledCodeHeapSize                  = 122909434                              {pd product} {ergonomic}
   size_t OldSize                                  = 70254592                                  {product} {ergonomic}
    uintx ProfiledCodeHeapSize                     = 122909434                              {pd product} {ergonomic}
    uintx ReservedCodeCacheSize                    = 251658240                              {pd product} {ergonomic}
     bool SegmentedCodeCache                       = true                                      {product} {ergonomic}
   size_t SoftMaxHeapSize                          = 2147483648                             {manageable} {ergonomic}
     bool UseCompressedOops                        = true                           {product lp64_product} {ergonomic}
     bool UseLargePagesIndividualAllocation        = false                                  {pd product} {ergonomic}
     bool UseParallelGC                            = true                                      {product} {command line}

Logging:
Log output configuration:
 #0: stdout all=off uptime,level,tags foldmultilines=false
 #1: stderr all=off uptime,level,tags foldmultilines=false

Release file:
JAVA_VERSION="21.0.10" 
MODULES="java.base java.compiler java.datatransfer java.xml java.prefs java.desktop java.instrument java.logging java.management java.security.sasl java.naming java.rmi java.management.rmi java.net.http java.scripting java.security.jgss java.transaction.xa java.sql java.sql.rowset java.xml.crypto java.se java.smartcardio jdk.accessibility jdk.internal.jvmstat jdk.attach jdk.charsets jdk.internal.opt jdk.zipfs jdk.compiler jdk.crypto.ec jdk.crypto.cryptoki jdk.crypto.mscapi jdk.dynalink jdk.internal.ed jdk.editpad jdk.hotspot.agent jdk.httpserver jdk.internal.le jdk.internal.vm.ci jdk.internal.vm.compiler jdk.internal.vm.compiler.management jdk.jartool jdk.javadoc jdk.jcmd jdk.management jdk.management.agent jdk.jconsole jdk.jdeps jdk.jdwp.agent jdk.jdi jdk.jfr jdk.jshell jdk.jsobject jdk.jstatd jdk.localedata jdk.management.jfr jdk.naming.dns jdk.naming.rmi jdk.net jdk.nio.mapmode jdk.random jdk.sctp jdk.security.auth jdk.security.jgss jdk.unsupported jdk.unsupported.desktop jdk.xml.dom" 

Environment Variables:
JAVA_HOME=C:\Users\pravi\AppData\Local\Programs\Eclipse Adoptium\jdk-17.0.10.7-hotspot\
PATH=C:\Program Files\Common Files\Oracle\Java\javapath;C:\Windows\system32;C:\Windows;C:\Windows\System32\Wbem;C:\Windows\System32\WindowsPowerShell\v1.0\;C:\Windows\System32\OpenSSH\;C:\Program Files (x86)\NVIDIA Corporation\PhysX\Common;C:\Program Files\NVIDIA Corporation\NVIDIA NvDLISR;C:\Users\pravi\.vscode\extensions\redhat.java-1.29.0-win32-x64\jre\17.0.10-win32-x86_64\bin;C:\Program Files\Java\jdk-22\bin;C:\Program Files\Git\cmd;c:\program files\file2.txt;C:\Program Files\MongoDB\Server\8.0\bin;;C:\WINDOWS\system32;C:\WINDOWS;C:\WINDOWS\System32\Wbem;C:\WINDOWS\System32\WindowsPowerShell\v1.0\;C:\WINDOWS\System32\OpenSSH\;C:\Program Files\nodejs\;C:\Program Files\dotnet\;C:\Users\pravi\Dhanashri;C:\Users\pravi\Dhanashri\Library\mingw-w64\bin;C:\Users\pravi\Dhanashri\Library\usr\bin;C:\Users\pravi\Dhanashri\Library\bin;C:\Users\pravi\Dhanashri\Scripts;C:\Users\pravi\anaconda3;C:\Users\pravi\anaconda3\Library\mingw-w64\bin;C:\Users\pravi\anaconda3\Library\usr\bin;C:\Users\pravi\anaconda3\Library\bin;C:\Users\pravi\anaconda3\Scripts;C:\Users\pravi\AppData\Local\Programs\Python\Python312\Scripts\;C:\Users\pravi\AppData\Local\Programs\Python\Python312\;C:\Users\pravi\AppData\Local\Programs\Eclipse Adoptium\jdk-17.0.10.7-hotspot\bin;C:\Users\pravi\.vscode\extensions\redhat.java-1.29.0-win32-x64\jre\17.0.10-win32-x86_64\bin;C:\Users\pravi\AppData\Local\Programs\Python\Python312;C:\Users\pravi\AppData\Roaming\Microsoft\Windows\Start Menu\Programs\Python 3.12;C:\Users\pravi\AppData\Local\Microsoft\WindowsApps;C:\Users\pravi\AppData\Local\Programs\cursor\resources\app\bin;C:\Users\pravi\AppData\Roaming\npm;C:\Users\pravi\AppData\Local\Programs\Microsoft VS Code\bin;C:\Program Files\MySQL\MySQL Server 8.0\bin;
USERNAME=pravi
OS=Windows_NT
PROCESSOR_IDENTIFIER=Intel64 Family 6 Model 141 Stepping 1, GenuineIntel
TMP=C:\Users\pravi\AppData\Local\Temp
TEMP=C:\Users\pravi\AppData\Local\Temp




Periodic native trim disabled

---------------  S Y S T E M  ---------------

OS:
 Windows 11 , 64 bit Build 26100 (10.0.26100.8521)
OS uptime: 4 days 23:12 hours

CPU: total 12 (initial active 12) (6 cores per cpu, 2 threads per core) family 6 model 141 stepping 1 microcode 0x50, cx8, cmov, fxsr, ht, mmx, 3dnowpref, sse, sse2, sse3, ssse3, sse4.1, sse4.2, popcnt, lzcnt, tsc, tscinvbit, avx, avx2, aes, erms, clmul, bmi1, bmi2, adx, avx512f, avx512dq, avx512cd, avx512bw, avx512vl, sha, fma, vzeroupper, avx512_vpopcntdq, avx512_vpclmulqdq, avx512_vaes, avx512_vnni, clflush, clflushopt, clwb, avx512_vbmi2, avx512_vbmi, rdtscp, rdpid, fsrm, gfni, avx512_bitalg, f16c, pku, cet_ibt, cet_ss, avx512_ifma
Processor Information for processor 0
  Max Mhz: 2611, Current Mhz: 1004, Mhz Limit: 2611
Processor Information for processor 1
  Max Mhz: 2611, Current Mhz: 1004, Mhz Limit: 2611
Processor Information for processor 2
  Max Mhz: 2611, Current Mhz: 1004, Mhz Limit: 2611
Processor Information for processor 3
  Max Mhz: 2611, Current Mhz: 2611, Mhz Limit: 2611
Processor Information for processor 4
  Max Mhz: 2611, Current Mhz: 2611, Mhz Limit: 2611
Processor Information for processor 5
  Max Mhz: 2611, Current Mhz: 1004, Mhz Limit: 2611
Processor Information for processor 6
  Max Mhz: 2611, Current Mhz: 2611, Mhz Limit: 2611
Processor Information for processor 7
  Max Mhz: 2611, Current Mhz: 2611, Mhz Limit: 2611
Processor Information for processor 8
  Max Mhz: 2611, Current Mhz: 2611, Mhz Limit: 2611
Processor Information for processor 9
  Max Mhz: 2611, Current Mhz: 1004, Mhz Limit: 2611
Processor Information for processor 10
  Max Mhz: 2611, Current Mhz: 2611, Mhz Limit: 2611
Processor Information for processor 11
  Max Mhz: 2611, Current Mhz: 2611, Mhz Limit: 2611

Memory: 4k page, system-wide physical 16106M (2232M free)
TotalPageFile size 22173M (AvailPageFile size 3M)
current process WorkingSet (physical memory assigned to process): 1383M, peak: 1427M
current process commit charge ("private bytes"): 1465M, peak: 1473M

vm_info: OpenJDK 64-Bit Server VM (21.0.10+7-LTS) for windows-amd64 JRE (21.0.10+7-LTS), built on 2026-01-20T00:00:00Z by "admin" with MS VC++ 17.12 (VS2022)

END.
